make all --print-data-base --no-builtin-variables --no-builtin-rules --question
# GNU Make 3.81
# Copyright (C) 2006  Free Software Foundation, Inc.
# This is free software; see the source for copying conditions.
# There is NO warranty; not even for MERCHANTABILITY or FITNESS FOR A
# PARTICULAR PURPOSE.

# This program built for i386-apple-darwin11.3.0

# Make data base, printed on Fri Aug 12 23:18:43 2022

# Variables

# automatic
<D = $(patsubst %/,%,$(dir $<))
# automatic
?F = $(notdir $?)
# automatic
?D = $(patsubst %/,%,$(dir $?))
# automatic
@D = $(patsubst %/,%,$(dir $@))
# automatic
@F = $(notdir $@)
# makefile
CURDIR := /Users/abihe/Desktop/solong
# makefile
SHELL = /bin/sh
# environment
VSCODE_NLS_CONFIG = {"locale":"en-us","availableLanguages":{},"_languagePackSupport":true}
# environment
_ = /usr/bin/make
# makefile (from `Makefile', line 20)
CFLAGS = -Wall -Wextra -Werror -lmlx -framework OpenGL -framework AppKit -o $(NAME) 
# makefile (from `Makefile', line 1)
MAKEFILE_LIST :=  Makefile
# environment
VSCODE_CWD = /
# environment
Apple_PubSub_Socket_Render = /private/tmp/com.apple.launchd.nARI7oaMxY/Render
# environment
PATH = /usr/local/bin:/usr/bin:/bin:/usr/sbin:/sbin:/usr/local/munki
# environment
LSCOLORS = Gxfxcxdxbxegedabagacad
# environment
ELECTRON_RUN_AS_NODE = 1
# default
.FEATURES := target-specific order-only second-expansion else-if archives jobserver check-symlink
# environment
SSH_AUTH_SOCK = /private/tmp/com.apple.launchd.Q3UbsjDtu6/Listeners
# automatic
%F = $(notdir $%)
# environment
PWD = /Users/abihe/Desktop/solong
# environment
ORIGINAL_XDG_CURRENT_DESKTOP = undefined
# environment
VSCODE_AMD_ENTRYPOINT = vs/workbench/api/node/extensionHostProcess
# environment
HOME = /Users/abihe
# default
MAKEFILEPATH := /Applications/Xcode.app/Contents/Developer/Makefiles
# environment
VSCODE_CODE_CACHE_PATH = /Users/abihe/Library/Application Support/Code/CachedData/b06ae3b2d2dbfe28bca3134cc6be65935cdfea6a
# environment
LOGNAME = abihe
# environment
APPLICATION_INSIGHTS_NO_DIAGNOSTIC_CHANNEL = 1
# environment
ZSH = /Users/abihe/.oh-my-zsh
# environment
VSCODE_HANDLES_UNCAUGHT_ERRORS = true
# automatic
^D = $(patsubst %/,%,$(dir $^))
# environment
XPC_FLAGS = 0x0
# default
MAKE = $(MAKE_COMMAND)
# default
MAKECMDGOALS := all
# makefile (from `Makefile', line 15)
SRCS = ./so_long.c ./ft_error.c ./ft_strncmp.c ./ft_strrchr.c ./ft_images.c ./ft_move.c ./gnl/get_next_line.c ./gnl/get_next_line_utils.c ./printf/ft_putchar.c ./printf/ft_printf.c ./printf/ft_ptnbrunsigned.c ./printf/ft_puthex.c ./printf/ft_putnbr.c ./printf/ft_putstr.c
# environment
SHLVL = 1
# makefile (from `Makefile', line 18)
CC = gcc
# default
MAKE_VERSION := 3.81
# environment
USER = abihe
# makefile
.DEFAULT_GOAL := all
# makefile (from `Makefile', line 13)
NAME = so_long
# environment
LESS = -R
# automatic
%D = $(patsubst %/,%,$(dir $%))
# default
MAKE_COMMAND := /Applications/Xcode.app/Contents/Developer/usr/bin/make
# default
.VARIABLES := 
# environment
TMPDIR = /var/folders/zz/zyxvpxvq6csfxvn_n0000gz00003zr/T/
# automatic
*F = $(notdir $*)
# environment
VSCODE_IPC_HOOK = /Users/abihe/Library/Application Support/Code/1.69.1-main.sock
# environment
MallocNanoZone = 0
# makefile
MAKEFLAGS = Rrqp
# environment
MFLAGS = -Rrqp
# automatic
*D = $(patsubst %/,%,$(dir $*))
# environment
XPC_SERVICE_NAME = com.microsoft.VSCode.2840
# automatic
+D = $(patsubst %/,%,$(dir $+))
# automatic
+F = $(notdir $+)
# environment
__CF_USER_TEXT_ENCODING = 0xFF8:0x23:0x18
# default
MAKEFILES := 
# automatic
<F = $(notdir $<)
# environment
PAGER = less
# environment
LC_ALL = C
# automatic
^F = $(notdir $^)
# default
SUFFIXES := 
# default
.INCLUDE_DIRS = /usr/local/include
# environment
MAKELEVEL := 0
# environment
LANG = C
# environment
VSCODE_PID = 4022
# variable set hash-table stats:
# Load=65/1024=6%, Rehash=0, Collisions=1/98=1%

# Pattern-specific Variable Values

# No pattern-specific variable values.

# Directories

# . (device 16777227, inode 3268263): 18 files, no impossibilities.

# 18 files, no impossibilities in 1 directories.

# Implicit Rules

# No implicit rules.

# Files

# Not a target:
ft_strncmp.c:
#  Implicit rule search has been done.
#  Last modified 2022-08-12 22:00:16
#  File has been updated.
#  Successfully updated.
# variable set hash-table stats:
# Load=0/32=0%, Rehash=0, Collisions=0/0=0%

# Not a target:
printf/ft_putchar.c:
#  Implicit rule search has been done.
#  Last modified 2022-08-12 21:43:22
#  File has been updated.
#  Successfully updated.
# variable set hash-table stats:
# Load=0/32=0%, Rehash=0, Collisions=0/0=0%

all: so_long
#  Command-line target.
#  Implicit rule search has been done.
#  File does not exist.
#  File has been updated.
#  Needs to be updated (-q is set).
# variable set hash-table stats:
# Load=0/32=0%, Rehash=0, Collisions=0/6=0%

# Not a target:
printf/ft_ptnbrunsigned.c:
#  Implicit rule search has been done.
#  Last modified 2022-08-12 21:02:48
#  File has been updated.
#  Successfully updated.
# variable set hash-table stats:
# Load=0/32=0%, Rehash=0, Collisions=0/0=0%

# Not a target:
gnl/get_next_line.c:
#  Implicit rule search has been done.
#  Last modified 2022-08-12 22:32:28
#  File has been updated.
#  Successfully updated.
# variable set hash-table stats:
# Load=0/32=0%, Rehash=0, Collisions=0/0=0%

# Not a target:
so_long.c:
#  Implicit rule search has been done.
#  Last modified 2022-08-12 23:05:51
#  File has been updated.
#  Successfully updated.
# variable set hash-table stats:
# Load=0/32=0%, Rehash=0, Collisions=0/0=0%

# Not a target:
.SUFFIXES:
#  Implicit rule search has not been done.
#  Modification time never checked.
#  File has not been updated.

# Not a target:
Makefile:
#  Implicit rule search has been done.
#  Last modified 2022-08-12 21:48:11
#  File has been updated.
#  Successfully updated.
# variable set hash-table stats:
# Load=0/32=0%, Rehash=0, Collisions=0/0=0%

# Not a target:
ft_error.c:
#  Implicit rule search has been done.
#  Last modified 2022-08-12 21:38:50
#  File has been updated.
#  Successfully updated.
# variable set hash-table stats:
# Load=0/32=0%, Rehash=0, Collisions=0/0=0%

# Not a target:
printf/ft_puthex.c:
#  Implicit rule search has been done.
#  Last modified 2022-08-12 21:03:22
#  File has been updated.
#  Successfully updated.
# variable set hash-table stats:
# Load=0/32=0%, Rehash=0, Collisions=0/0=0%

fclean: clean
#  Implicit rule search has not been done.
#  Modification time never checked.
#  File has not been updated.
#  commands to execute (from `Makefile', line 30):
	@rm -f $(NAME)
	

# Not a target:
ft_strrchr.c:
#  Implicit rule search has been done.
#  Last modified 2022-08-12 22:00:14
#  File has been updated.
#  Successfully updated.
# variable set hash-table stats:
# Load=0/32=0%, Rehash=0, Collisions=0/0=0%

# Not a target:
.DEFAULT:
#  Implicit rule search has not been done.
#  Modification time never checked.
#  File has not been updated.

# Not a target:
printf/ft_putnbr.c:
#  Implicit rule search has been done.
#  Last modified 2022-08-12 21:03:43
#  File has been updated.
#  Successfully updated.
# variable set hash-table stats:
# Load=0/32=0%, Rehash=0, Collisions=0/0=0%

re: fclean all
#  Implicit rule search has not been done.
#  Modification time never checked.
#  File has not been updated.

# Not a target:
ft_move.c:
#  Implicit rule search has been done.
#  Last modified 2022-08-12 21:49:07
#  File has been updated.
#  Successfully updated.
# variable set hash-table stats:
# Load=0/32=0%, Rehash=0, Collisions=0/0=0%

clean:
#  Implicit rule search has not been done.
#  Modification time never checked.
#  File has not been updated.
#  commands to execute (from `Makefile', line 27):
	@rm -f $(NAME)
	

# Not a target:
gnl/get_next_line_utils.c:
#  Implicit rule search has been done.
#  Last modified 2022-08-12 21:23:27
#  File has been updated.
#  Successfully updated.
# variable set hash-table stats:
# Load=0/32=0%, Rehash=0, Collisions=0/0=0%

so_long: so_long.c ft_error.c ft_strncmp.c ft_strrchr.c ft_images.c ft_move.c gnl/get_next_line.c gnl/get_next_line_utils.c printf/ft_putchar.c printf/ft_printf.c printf/ft_ptnbrunsigned.c printf/ft_puthex.c printf/ft_putnbr.c printf/ft_putstr.c
 
#  Implicit rule search has not been done.
#  Implicit/static pattern stem: `'
#  File does not exist.
#  File has been updated.
#  Needs to be updated (-q is set).
# automatic
# @ := so_long
# automatic
# % := 
# automatic
# * := 
# automatic
# + := so_long.c ft_error.c ft_strncmp.c ft_strrchr.c ft_images.c ft_move.c gnl/get_next_line.c gnl/get_next_line_utils.c printf/ft_putchar.c printf/ft_printf.c printf/ft_ptnbrunsigned.c printf/ft_puthex.c printf/ft_putnbr.c printf/ft_putstr.c
# automatic
# | := 
# automatic
# < := so_long.c
# automatic
# ^ := so_long.c ft_error.c ft_strncmp.c ft_strrchr.c ft_images.c ft_move.c gnl/get_next_line.c gnl/get_next_line_utils.c printf/ft_putchar.c printf/ft_printf.c printf/ft_ptnbrunsigned.c printf/ft_puthex.c printf/ft_putnbr.c printf/ft_putstr.c
# automatic
# ? := so_long.c ft_error.c ft_strncmp.c ft_strrchr.c ft_images.c ft_move.c gnl/get_next_line.c gnl/get_next_line_utils.c printf/ft_putchar.c printf/ft_printf.c printf/ft_ptnbrunsigned.c printf/ft_puthex.c printf/ft_putnbr.c printf/ft_putstr.c
# variable set hash-table stats:
# Load=8/32=25%, Rehash=0, Collisions=1/14=7%
#  commands to execute (from `Makefile', line 24):
	@$(CC) $(CFLAGS) $(SRCS)
	

# Not a target:
printf/ft_printf.c:
#  Implicit rule search has been done.
#  Last modified 2022-08-12 21:02:16
#  File has been updated.
#  Successfully updated.
# variable set hash-table stats:
# Load=0/32=0%, Rehash=0, Collisions=0/0=0%

# Not a target:
ft_images.c:
#  Implicit rule search has been done.
#  Last modified 2022-08-12 23:00:50
#  File has been updated.
#  Successfully updated.
# variable set hash-table stats:
# Load=0/32=0%, Rehash=0, Collisions=0/0=0%

# Not a target:
printf/ft_putstr.c:
#  Implicit rule search has been done.
#  Last modified 2022-08-12 21:43:18
#  File has been updated.
#  Successfully updated.
# variable set hash-table stats:
# Load=0/32=0%, Rehash=0, Collisions=0/0=0%

# files hash-table stats:
# Load=22/1024=2%, Rehash=0, Collisions=0/54=0%
# VPATH Search Paths

# No `vpath' search paths.

# No general (`VPATH' variable) search path.

# # of strings in strcache: 1
# # of strcache buffers: 1
# strcache size: total = 4096 / max = 4096 / min = 4096 / avg = 4096
# strcache free: total = 4087 / max = 4087 / min = 4087 / avg = 4087

# Finished Make data base on Fri Aug 12 23:18:43 2022

 
